2017-05-23 09:55:58.207  INFO 71471 --- [main] .e.b.c.EagleSpringApplicationInitializer : EagleSpringApplicationInitializer...
2017-05-23 09:55:58.230  INFO 71471 --- [main] .e.b.c.EagleSpringApplicationInitializer : 

*** Detected the following overrides for the eagle base default properties

eagle.config.api-documentation.allowed-resources : [/swagger**/**,/webjars/**,${springfox.documentation.swagger.v2.path}/**,${eagle.config.api-documentation.ui-redirect-resource}] --> [/swagger**/**,/webjars/**,/internals/docs/data/**,/internals/docs]
eagle.config.api-documentation.ui-redirect-resource : [${eagle.config.internals-resource.name}/docs] --> [/internals/docs]
eagle.config.logging.name : [${spring.application.name}] --> [eagle]
endpoints.enabled : [${eagle.config.internals-resource.enabled}] --> [true]
logging.file : [${eagle.config.logging.directory}/${eagle.config.logging.name}.log] --> [logs/eagle.log]
management.context-path : [${eagle.config.internals-resource.name}] --> [/internals]
spring.jackson.joda-date-time-format : [${spring.jackson.date-format}] --> [yyyy-MM-dd'T'HH:mm:ssZ]
springfox.documentation.swagger.v2.path : [${eagle.config.internals-resource.name}/docs/data] --> [/internals/docs/data]


2017-05-23 09:55:58.241  INFO 71471 --- [main] c.e.w.engine.EagleEngineSpringBootApp    : Starting EagleEngineSpringBootApp on M-SFO1-SFO1197 with PID 71471 (/Users/ppasupuleti/Praveen/Projects/eagle/eagle-workflowengine/bin started by ppasupuleti in /Users/ppasupuleti/Praveen/Projects/eagle/eagle-workflowengine)
2017-05-23 09:55:58.241 DEBUG 71471 --- [main] c.e.w.engine.EagleEngineSpringBootApp    : Running with Spring Boot v1.4.0.RELEASE, Spring v4.3.2.RELEASE
2017-05-23 09:55:58.241  INFO 71471 --- [main] c.e.w.engine.EagleEngineSpringBootApp    : No active profile set, falling back to default profiles: default
2017-05-23 09:55:58.314  INFO 71471 --- [main] ationConfigEmbeddedWebApplicationContext : Refreshing org.springframework.boot.context.embedded.AnnotationConfigEmbeddedWebApplicationContext@3dd69f5a: startup date [Tue May 23 09:55:58 PDT 2017]; root of context hierarchy
2017-05-23 09:55:59.695  INFO 71471 --- [main] o.s.b.f.s.DefaultListableBeanFactory     : Overriding bean definition for bean 'emailServiceImpl' with a different definition: replacing [Generic bean: class [com.eagle.workflow.engine.service.EmailServiceImpl]; scope=singleton; abstract=false; lazyInit=false; autowireMode=0; dependencyCheck=0; autowireCandidate=true; primary=false; factoryBeanName=null; factoryMethodName=null; initMethodName=null; destroyMethodName=null; defined in file [/Users/ppasupuleti/Praveen/Projects/eagle/eagle-workflowengine/bin/com/eagle/workflow/engine/service/EmailServiceImpl.class]] with [Root bean: class [null]; scope=; abstract=false; lazyInit=false; autowireMode=3; dependencyCheck=0; autowireCandidate=true; primary=false; factoryBeanName=eagleWorkFlowEngineConfiguration; factoryMethodName=emailServiceImpl; initMethodName=null; destroyMethodName=(inferred); defined in class path resource [com/eagle/workflow/engine/config/EagleWorkFlowEngineConfiguration.class]]
2017-05-23 09:55:59.696  INFO 71471 --- [main] o.s.b.f.s.DefaultListableBeanFactory     : Overriding bean definition for bean 'extractDataTaskLet' with a different definition: replacing [Generic bean: class [com.eagle.workflow.engine.job.ExtractDataTaskLet]; scope=singleton; abstract=false; lazyInit=false; autowireMode=0; dependencyCheck=0; autowireCandidate=true; primary=false; factoryBeanName=null; factoryMethodName=null; initMethodName=null; destroyMethodName=null; defined in file [/Users/ppasupuleti/Praveen/Projects/eagle/eagle-workflowengine/bin/com/eagle/workflow/engine/job/ExtractDataTaskLet.class]] with [Root bean: class [null]; scope=; abstract=false; lazyInit=false; autowireMode=3; dependencyCheck=0; autowireCandidate=true; primary=false; factoryBeanName=eagleWorkFlowEngineConfiguration; factoryMethodName=extractDataTaskLet; initMethodName=null; destroyMethodName=(inferred); defined in class path resource [com/eagle/workflow/engine/config/EagleWorkFlowEngineConfiguration.class]]
2017-05-23 09:55:59.697  INFO 71471 --- [main] o.s.b.f.s.DefaultListableBeanFactory     : Overriding bean definition for bean 'enrichingDataTaskLet' with a different definition: replacing [Generic bean: class [com.eagle.workflow.engine.job.EnrichingDataTaskLet]; scope=singleton; abstract=false; lazyInit=false; autowireMode=0; dependencyCheck=0; autowireCandidate=true; primary=false; factoryBeanName=null; factoryMethodName=null; initMethodName=null; destroyMethodName=null; defined in file [/Users/ppasupuleti/Praveen/Projects/eagle/eagle-workflowengine/bin/com/eagle/workflow/engine/job/EnrichingDataTaskLet.class]] with [Root bean: class [null]; scope=; abstract=false; lazyInit=false; autowireMode=3; dependencyCheck=0; autowireCandidate=true; primary=false; factoryBeanName=eagleWorkFlowEngineConfiguration; factoryMethodName=enrichingDataTaskLet; initMethodName=null; destroyMethodName=(inferred); defined in class path resource [com/eagle/workflow/engine/config/EagleWorkFlowEngineConfiguration.class]]
2017-05-23 09:55:59.697  INFO 71471 --- [main] o.s.b.f.s.DefaultListableBeanFactory     : Overriding bean definition for bean 'applyModelTaskLet' with a different definition: replacing [Generic bean: class [com.eagle.workflow.engine.job.ApplyModelTaskLet]; scope=singleton; abstract=false; lazyInit=false; autowireMode=0; dependencyCheck=0; autowireCandidate=true; primary=false; factoryBeanName=null; factoryMethodName=null; initMethodName=null; destroyMethodName=null; defined in file [/Users/ppasupuleti/Praveen/Projects/eagle/eagle-workflowengine/bin/com/eagle/workflow/engine/job/ApplyModelTaskLet.class]] with [Root bean: class [null]; scope=; abstract=false; lazyInit=false; autowireMode=3; dependencyCheck=0; autowireCandidate=true; primary=false; factoryBeanName=eagleWorkFlowEngineConfiguration; factoryMethodName=applyModelTaskLet; initMethodName=null; destroyMethodName=(inferred); defined in class path resource [com/eagle/workflow/engine/config/EagleWorkFlowEngineConfiguration.class]]
2017-05-23 09:55:59.697  INFO 71471 --- [main] o.s.b.f.s.DefaultListableBeanFactory     : Overriding bean definition for bean 'positionEngineTaskLet' with a different definition: replacing [Generic bean: class [com.eagle.workflow.engine.job.PositionEngineTaskLet]; scope=singleton; abstract=false; lazyInit=false; autowireMode=0; dependencyCheck=0; autowireCandidate=true; primary=false; factoryBeanName=null; factoryMethodName=null; initMethodName=null; destroyMethodName=null; defined in file [/Users/ppasupuleti/Praveen/Projects/eagle/eagle-workflowengine/bin/com/eagle/workflow/engine/job/PositionEngineTaskLet.class]] with [Root bean: class [null]; scope=; abstract=false; lazyInit=false; autowireMode=3; dependencyCheck=0; autowireCandidate=true; primary=false; factoryBeanName=eagleWorkFlowEngineConfiguration; factoryMethodName=positionEngineTaskLet; initMethodName=null; destroyMethodName=(inferred); defined in class path resource [com/eagle/workflow/engine/config/EagleWorkFlowEngineConfiguration.class]]
2017-05-23 09:56:00.252  WARN 71471 --- [main] o.s.c.a.ConfigurationClassEnhancer       : @Bean method ScopeConfiguration.stepScope is non-static and returns an object assignable to Spring's BeanFactoryPostProcessor interface. This will result in a failure to process annotations such as @Autowired, @Resource and @PostConstruct within the method's declaring @Configuration class. Add the 'static' modifier to this method to avoid these container lifecycle issues; see @Bean javadoc for complete details.
2017-05-23 09:56:00.264  WARN 71471 --- [main] o.s.c.a.ConfigurationClassEnhancer       : @Bean method ScopeConfiguration.jobScope is non-static and returns an object assignable to Spring's BeanFactoryPostProcessor interface. This will result in a failure to process annotations such as @Autowired, @Resource and @PostConstruct within the method's declaring @Configuration class. Add the 'static' modifier to this method to avoid these container lifecycle issues; see @Bean javadoc for complete details.
2017-05-23 09:56:00.279  INFO 71471 --- [main] f.a.AutowiredAnnotationBeanPostProcessor : JSR-330 'javax.inject.Inject' annotation found and supported for autowiring
2017-05-23 09:56:00.336  INFO 71471 --- [main] c.e.b.config.EagleWebMvcConfiguration    : The Eagle WebMVC Configuration has being configured and applied
2017-05-23 09:56:00.337  INFO 71471 --- [main] trationDelegate$BeanPostProcessorChecker : Bean 'eagleWebMvcConfiguration' of type [class com.eagle.boot.config.EagleWebMvcConfiguration$$EnhancerBySpringCGLIB$$c4ffe39b] is not eligible for getting processed by all BeanPostProcessors (for example: not eligible for auto-proxying)
2017-05-23 09:56:00.533  INFO 71471 --- [main] trationDelegate$BeanPostProcessorChecker : Bean 'org.springframework.transaction.annotation.ProxyTransactionManagementConfiguration' of type [class org.springframework.transaction.annotation.ProxyTransactionManagementConfiguration$$EnhancerBySpringCGLIB$$22e3e843] is not eligible for getting processed by all BeanPostProcessors (for example: not eligible for auto-proxying)
2017-05-23 09:56:00.907  INFO 71471 --- [main] org.eclipse.jetty.util.log               : Logging initialized @4569ms
2017-05-23 09:56:01.002  INFO 71471 --- [main] e.j.JettyEmbeddedServletContainerFactory : Server initialized with port: 8098
2017-05-23 09:56:01.004  INFO 71471 --- [main] org.eclipse.jetty.server.Server          : jetty-9.3.11.v20160721
2017-05-23 09:56:01.126  INFO 71471 --- [main] application                              : Initializing Spring embedded WebApplicationContext
2017-05-23 09:56:01.126  INFO 71471 --- [main] o.s.web.context.ContextLoader            : Root WebApplicationContext: initialization completed in 2824 ms
2017-05-23 09:56:01.437  INFO 71471 --- [main] c.e.boot.config.EagleBaseConfiguration   : Eagle base configuration has being configured and applied
2017-05-23 09:56:01.453  INFO 71471 --- [main] o.s.b.w.servlet.ServletRegistrationBean  : Mapping servlet: 'dispatcherServlet' to [/]
2017-05-23 09:56:01.457  INFO 71471 --- [main] o.s.b.w.servlet.FilterRegistrationBean   : Mapping filter: 'metricFilter' to: [/*]
2017-05-23 09:56:01.458  INFO 71471 --- [main] o.s.b.w.servlet.FilterRegistrationBean   : Mapping filter: 'characterEncodingFilter' to: [/*]
2017-05-23 09:56:01.458  INFO 71471 --- [main] o.s.b.w.servlet.FilterRegistrationBean   : Mapping filter: 'hiddenHttpMethodFilter' to: [/*]
2017-05-23 09:56:01.458  INFO 71471 --- [main] o.s.b.w.servlet.FilterRegistrationBean   : Mapping filter: 'httpPutFormContentFilter' to: [/*]
2017-05-23 09:56:01.458  INFO 71471 --- [main] o.s.b.w.servlet.FilterRegistrationBean   : Mapping filter: 'webRequestLoggingFilter' to: [/*]
2017-05-23 09:56:01.669  INFO 71471 --- [main] o.e.jetty.server.handler.ContextHandler  : Started o.s.b.c.e.j.JettyEmbeddedWebAppContext@698d6d30{/eagle,file:///private/var/folders/9c/04bs7srs7hj5kym35d2853b8mh0grj/T/jetty-docbase.583172788473949546.8098/,AVAILABLE}
2017-05-23 09:56:01.670  INFO 71471 --- [main] org.eclipse.jetty.server.Server          : Started @5333ms
2017-05-23 09:56:01.845  INFO 71471 --- [main] c.e.w.e.t.d.p.EagleTWSConnectionProvider : in EagleTWSConnectionProvider
2017-05-23 09:56:02.075  INFO 71471 --- [main] e.w.e.c.EagleWorkFlowEngineConfiguration : EagleWorkFlowEngineConfiguration done...
2017-05-23 09:56:02.279 DEBUG 71471 --- [main] c.e.workflow.engine.tws.api.EagleAPI     : ApiController Initialized. Trying to connect TWS..
2017-05-23 09:56:02.435  INFO 71471 --- [main] c.e.b.c.EagleDocumentationConfiguration  : The Eagle Documentation Configuration has being configured and applied
2017-05-23 09:56:02.511  INFO 71471 --- [main] c.e.b.c.p.EagleAccessLoggingProperties   : The access log configuration is setup as follows: EagleAccessLogProperties{timezone='America/Los_Angeles', retentionDays=30, postfix='-access-yyyy_mm_dd.log', logName='logs/eagle-access-yyyy_mm_dd.log', extendedInfoEnabled=false, enabled=true, dateTimeFormat='yyyy-MM-dd HH:mm:ss:SSS Z', appendEnabled=true}
2017-05-23 09:56:03.236  INFO 71471 --- [main] s.w.s.m.m.a.RequestMappingHandlerMapping : Mapped "{[/internals/docs/data],methods=[GET],produces=[application/json || application/hal+json]}" onto public org.springframework.http.ResponseEntity<springfox.documentation.spring.web.json.Json> springfox.documentation.swagger2.web.Swagger2Controller.getDocumentation(java.lang.String,javax.servlet.http.HttpServletRequest)
2017-05-23 09:56:03.241  INFO 71471 --- [main] s.w.s.m.m.a.RequestMappingHandlerMapping : Mapped "{[/swagger-resources]}" onto org.springframework.http.ResponseEntity<java.util.List<springfox.documentation.swagger.web.SwaggerResource>> springfox.documentation.swagger.web.ApiResourceController.swaggerResources()
2017-05-23 09:56:03.242  INFO 71471 --- [main] s.w.s.m.m.a.RequestMappingHandlerMapping : Mapped "{[/swagger-resources/configuration/security]}" onto org.springframework.http.ResponseEntity<springfox.documentation.swagger.web.SecurityConfiguration> springfox.documentation.swagger.web.ApiResourceController.securityConfiguration()
2017-05-23 09:56:03.242  INFO 71471 --- [main] s.w.s.m.m.a.RequestMappingHandlerMapping : Mapped "{[/swagger-resources/configuration/ui]}" onto org.springframework.http.ResponseEntity<springfox.documentation.swagger.web.UiConfiguration> springfox.documentation.swagger.web.ApiResourceController.uiConfiguration()
2017-05-23 09:56:03.245  INFO 71471 --- [main] s.w.s.m.m.a.RequestMappingHandlerMapping : Mapped "{[/error]}" onto public org.springframework.http.ResponseEntity<java.util.Map<java.lang.String, java.lang.Object>> org.springframework.boot.autoconfigure.web.BasicErrorController.error(javax.servlet.http.HttpServletRequest)
2017-05-23 09:56:03.246  INFO 71471 --- [main] s.w.s.m.m.a.RequestMappingHandlerMapping : Mapped "{[/error],produces=[text/html]}" onto public org.springframework.web.servlet.ModelAndView org.springframework.boot.autoconfigure.web.BasicErrorController.errorHtml(javax.servlet.http.HttpServletRequest,javax.servlet.http.HttpServletResponse)
2017-05-23 09:56:03.575  INFO 71471 --- [main] o.s.b.a.e.mvc.EndpointHandlerMapping     : Mapped "{[/internals/logfile || /internals/logfile.json],methods=[GET || HEAD]}" onto public void org.springframework.boot.actuate.endpoint.mvc.LogFileMvcEndpoint.invoke(javax.servlet.http.HttpServletRequest,javax.servlet.http.HttpServletResponse) throws javax.servlet.ServletException,java.io.IOException
2017-05-23 09:56:03.577  INFO 71471 --- [main] o.s.b.a.e.mvc.EndpointHandlerMapping     : Mapped "{[/internals/trace || /internals/trace.json],methods=[GET],produces=[application/json]}" onto public java.lang.Object org.springframework.boot.actuate.endpoint.mvc.EndpointMvcAdapter.invoke()
2017-05-23 09:56:03.578  INFO 71471 --- [main] o.s.b.a.e.mvc.EndpointHandlerMapping     : Mapped "{[/internals/configprops || /internals/configprops.json],methods=[GET],produces=[application/json]}" onto public java.lang.Object org.springframework.boot.actuate.endpoint.mvc.EndpointMvcAdapter.invoke()
2017-05-23 09:56:03.579  INFO 71471 --- [main] o.s.b.a.e.mvc.EndpointHandlerMapping     : Mapped "{[/internals/heapdump || /internals/heapdump.json],methods=[GET],produces=[application/octet-stream]}" onto public void org.springframework.boot.actuate.endpoint.mvc.HeapdumpMvcEndpoint.invoke(boolean,javax.servlet.http.HttpServletRequest,javax.servlet.http.HttpServletResponse) throws java.io.IOException,javax.servlet.ServletException
2017-05-23 09:56:03.580  INFO 71471 --- [main] o.s.b.a.e.mvc.EndpointHandlerMapping     : Mapped "{[/internals/metrics/{name:.*}],methods=[GET],produces=[application/json]}" onto public java.lang.Object org.springframework.boot.actuate.endpoint.mvc.MetricsMvcEndpoint.value(java.lang.String)
2017-05-23 09:56:03.580  INFO 71471 --- [main] o.s.b.a.e.mvc.EndpointHandlerMapping     : Mapped "{[/internals/metrics || /internals/metrics.json],methods=[GET],produces=[application/json]}" onto public java.lang.Object org.springframework.boot.actuate.endpoint.mvc.EndpointMvcAdapter.invoke()
2017-05-23 09:56:03.582  INFO 71471 --- [main] o.s.b.a.e.mvc.EndpointHandlerMapping     : Mapped "{[/internals/env/{name:.*}],methods=[GET],produces=[application/json]}" onto public java.lang.Object org.springframework.boot.actuate.endpoint.mvc.EnvironmentMvcEndpoint.value(java.lang.String)
2017-05-23 09:56:03.582  INFO 71471 --- [main] o.s.b.a.e.mvc.EndpointHandlerMapping     : Mapped "{[/internals/env || /internals/env.json],methods=[GET],produces=[application/json]}" onto public java.lang.Object org.springframework.boot.actuate.endpoint.mvc.EndpointMvcAdapter.invoke()
2017-05-23 09:56:03.584  INFO 71471 --- [main] o.s.b.a.e.mvc.EndpointHandlerMapping     : Mapped "{[/internals/info || /internals/info.json],methods=[GET],produces=[application/json]}" onto public java.lang.Object org.springframework.boot.actuate.endpoint.mvc.EndpointMvcAdapter.invoke()
2017-05-23 09:56:03.585  INFO 71471 --- [main] o.s.b.a.e.mvc.EndpointHandlerMapping     : Mapped "{[/internals/beans || /internals/beans.json],methods=[GET],produces=[application/json]}" onto public java.lang.Object org.springframework.boot.actuate.endpoint.mvc.EndpointMvcAdapter.invoke()
2017-05-23 09:56:03.588  INFO 71471 --- [main] o.s.b.a.e.mvc.EndpointHandlerMapping     : Mapped "{[/internals/mappings || /internals/mappings.json],methods=[GET],produces=[application/json]}" onto public java.lang.Object org.springframework.boot.actuate.endpoint.mvc.EndpointMvcAdapter.invoke()
2017-05-23 09:56:03.589  INFO 71471 --- [main] o.s.b.a.e.mvc.EndpointHandlerMapping     : Mapped "{[/internals/dump || /internals/dump.json],methods=[GET],produces=[application/json]}" onto public java.lang.Object org.springframework.boot.actuate.endpoint.mvc.EndpointMvcAdapter.invoke()
2017-05-23 09:56:03.590  INFO 71471 --- [main] o.s.b.a.e.mvc.EndpointHandlerMapping     : Mapped "{[/internals/health || /internals/health.json],produces=[application/json]}" onto public java.lang.Object org.springframework.boot.actuate.endpoint.mvc.HealthMvcEndpoint.invoke(java.security.Principal)
2017-05-23 09:56:03.591  INFO 71471 --- [main] o.s.b.a.e.mvc.EndpointHandlerMapping     : Mapped "{[/internals/autoconfig || /internals/autoconfig.json],methods=[GET],produces=[application/json]}" onto public java.lang.Object org.springframework.boot.actuate.endpoint.mvc.EndpointMvcAdapter.invoke()
2017-05-23 09:56:03.942  INFO 71471 --- [main] s.w.s.m.m.a.RequestMappingHandlerAdapter : Looking for @ControllerAdvice: org.springframework.boot.context.embedded.AnnotationConfigEmbeddedWebApplicationContext@3dd69f5a: startup date [Tue May 23 09:55:58 PDT 2017]; root of context hierarchy
2017-05-23 09:56:04.013  INFO 71471 --- [main] o.s.w.s.handler.SimpleUrlHandlerMapping  : Mapped URL path [/internals/docs] onto handler of type [class org.springframework.web.servlet.mvc.ParameterizableViewController]
2017-05-23 09:56:04.034  INFO 71471 --- [main] o.s.w.s.handler.SimpleUrlHandlerMapping  : Mapped URL path [/resources/**] onto handler of type [class org.springframework.web.servlet.resource.ResourceHttpRequestHandler]
2017-05-23 09:56:04.034  INFO 71471 --- [main] o.s.w.s.handler.SimpleUrlHandlerMapping  : Mapped URL path [/swagger-ui.html] onto handler of type [class org.springframework.web.servlet.resource.ResourceHttpRequestHandler]
2017-05-23 09:56:04.034  INFO 71471 --- [main] o.s.w.s.handler.SimpleUrlHandlerMapping  : Mapped URL path [/webjars/**] onto handler of type [class org.springframework.web.servlet.resource.ResourceHttpRequestHandler]
2017-05-23 09:56:04.034  INFO 71471 --- [main] o.s.w.s.handler.SimpleUrlHandlerMapping  : Mapped URL path [/**] onto handler of type [class org.springframework.web.servlet.resource.ResourceHttpRequestHandler]
2017-05-23 09:56:04.069  INFO 71471 --- [main] .m.m.a.ExceptionHandlerExceptionResolver : Detected @ExceptionHandler methods in eagleExceptionHandler
2017-05-23 09:56:04.106  INFO 71471 --- [main] o.s.w.s.handler.SimpleUrlHandlerMapping  : Mapped URL path [/**/favicon.ico] onto handler of type [class org.springframework.web.servlet.resource.ResourceHttpRequestHandler]
2017-05-23 09:56:04.793  INFO 71471 --- [main] o.s.jdbc.datasource.init.ScriptUtils     : Executing SQL script from class path resource [org/springframework/batch/core/schema-hsqldb.sql]
2017-05-23 09:56:04.801  INFO 71471 --- [main] o.s.jdbc.datasource.init.ScriptUtils     : Executed SQL script from class path resource [org/springframework/batch/core/schema-hsqldb.sql] in 7 ms.
2017-05-23 09:56:05.175  INFO 71471 --- [main] o.s.j.e.a.AnnotationMBeanExporter        : Registering beans for JMX exposure on startup
2017-05-23 09:56:05.189  INFO 71471 --- [main] o.s.c.support.DefaultLifecycleProcessor  : Starting beans in phase 0
2017-05-23 09:56:05.259  INFO 71471 --- [main] o.s.c.support.DefaultLifecycleProcessor  : Starting beans in phase 2147483647
2017-05-23 09:56:05.259  INFO 71471 --- [main] d.s.w.p.DocumentationPluginsBootstrapper : Context refreshed
2017-05-23 09:56:05.287  INFO 71471 --- [main] d.s.w.p.DocumentationPluginsBootstrapper : Found 1 custom documentation plugin(s)
2017-05-23 09:56:05.296  INFO 71471 --- [main] s.d.s.w.s.ApiListingReferenceScanner     : Scanning for api listing references
2017-05-23 09:56:05.333  INFO 71471 --- [main] application                              : Initializing Spring FrameworkServlet 'dispatcherServlet'
2017-05-23 09:56:05.333  INFO 71471 --- [main] o.s.web.servlet.DispatcherServlet        : FrameworkServlet 'dispatcherServlet': initialization started
2017-05-23 09:56:05.354  INFO 71471 --- [main] o.s.web.servlet.DispatcherServlet        : FrameworkServlet 'dispatcherServlet': initialization completed in 21 ms
2017-05-23 09:56:05.395  INFO 71471 --- [main] o.e.jetty.server.AbstractConnector       : Started ServerConnector@f287a4e{HTTP/1.1,[http/1.1]}{0.0.0.0:8098}
2017-05-23 09:56:05.399  INFO 71471 --- [main] .s.b.c.e.j.JettyEmbeddedServletContainer : Jetty started on port(s) 8098 (http/1.1)
2017-05-23 09:56:05.406  INFO 71471 --- [main] o.s.b.a.b.JobLauncherCommandLineRunner   : Running default command line with: []
2017-05-23 09:56:05.418  INFO 71471 --- [main] o.s.b.c.r.s.JobRepositoryFactoryBean     : No database type set, using meta data indicating: HSQL
2017-05-23 09:56:05.557  INFO 71471 --- [main] o.s.b.c.l.support.SimpleJobLauncher      : No TaskExecutor has been set, defaulting to synchronous executor.
2017-05-23 09:56:05.622  INFO 71471 --- [main] o.s.b.c.l.support.SimpleJobLauncher      : Job: [FlowJob: [name=extractDataJob]] launched with the following parameters: [{run.id=1}]
2017-05-23 09:56:05.630 DEBUG 71471 --- [main] .w.e.j.JobCompletionNotificationListener : extractDataJobStarted..
2017-05-23 09:56:05.642  INFO 71471 --- [main] o.s.batch.core.job.SimpleStepHandler     : Executing step: [enrichingData]
2017-05-23 09:56:05.655 DEBUG 71471 --- [main] c.e.w.engine.job.EnrichingDataTaskLet    : *** Enriching Data Step is in progress... ***
2017-05-23 09:56:05.656  INFO 71471 --- [main] c.e.w.engine.job.EnrichingDataTaskLet    : Enrich Data Command:/Users/ppasupuleti/anaconda/bin/python //Users/ppasupuleti/Praveen/Projects/Anil/eagle_home/tools/enrichData/run_all.py  //Users/ppasupuleti/Praveen/Projects/Anil/eagle_home/rawData/ES.csv //Users/ppasupuleti/Praveen/Projects/Anil/eagle_home/enrichData/enrichModel/ES_enrichModel.csv //Users/ppasupuleti/Praveen/Projects/Anil/eagle_home/enrichData/ES_enrichData.csv 05/23/2017 ES //Users/ppasupuleti/Praveen/Projects/Anil/eagle_home/tools/enrichData/config.ini
2017-05-23 09:56:05.656  INFO 71471 --- [main] c.e.w.engine.utils.EagleProcessExecutor  : Process Command:/Users/ppasupuleti/anaconda/bin/python //Users/ppasupuleti/Praveen/Projects/Anil/eagle_home/tools/enrichData/run_all.py  //Users/ppasupuleti/Praveen/Projects/Anil/eagle_home/rawData/ES.csv //Users/ppasupuleti/Praveen/Projects/Anil/eagle_home/enrichData/enrichModel/ES_enrichModel.csv //Users/ppasupuleti/Praveen/Projects/Anil/eagle_home/enrichData/ES_enrichData.csv 05/23/2017 ES //Users/ppasupuleti/Praveen/Projects/Anil/eagle_home/tools/enrichData/config.ini
2017-05-23 09:56:06.496  INFO 71471 --- [main] c.e.w.engine.job.EnrichingDataTaskLet    : Enrich Data process command executed succesfully.
2017-05-23 09:56:11.602 DEBUG 71471 --- [main] c.e.w.engine.job.EnrichingDataTaskLet    : *** Enriching Data Step completed ***
2017-05-23 09:56:11.610 DEBUG 71471 --- [main] .w.e.j.JobCompletionNotificationListener : Email Subject: Job: extractDataJob, job execution id: 0, job id: 0, succesfully completed status: Tue May 23 09:56:05 PDT 2017
2017-05-23 09:56:11.611 DEBUG 71471 --- [main] .w.e.j.JobCompletionNotificationListener : Email Content: Job: extractDataJob, job execution id: 0, job id: 0, succesfully completed status: Tue May 23 09:56:05 PDT 2017
2017-05-23 09:56:11.611 DEBUG 71471 --- [main] .w.e.j.JobCompletionNotificationListener : Sending email...
2017-05-23 09:56:41.759 ERROR 71471 --- [main] c.e.w.engine.service.EmailServiceImpl    : Failed sending eamil.

com.sun.mail.util.MailConnectException: Couldn't connect to host, port: smtp.gmail.com, 587; timeout -1
	at com.sun.mail.smtp.SMTPTransport.openServer(SMTPTransport.java:1984)
	at com.sun.mail.smtp.SMTPTransport.protocolConnect(SMTPTransport.java:656)
	at javax.mail.Service.connect(Service.java:367)
	at javax.mail.Service.connect(Service.java:226)
	at javax.mail.Service.connect(Service.java:175)
	at javax.mail.Transport.send0(Transport.java:253)
	at javax.mail.Transport.send(Transport.java:124)
	at com.eagle.workflow.engine.service.EmailServiceImpl.send(EmailServiceImpl.java:61)
	at com.eagle.workflow.engine.job.JobCompletionNotificationListener.afterJob(JobCompletionNotificationListener.java:77)
	at org.springframework.batch.core.listener.CompositeJobExecutionListener.afterJob(CompositeJobExecutionListener.java:60)
	at org.springframework.batch.core.job.AbstractJob.execute(AbstractJob.java:352)
	at org.springframework.batch.core.launch.support.SimpleJobLauncher$1.run(SimpleJobLauncher.java:135)
	at org.springframework.core.task.SyncTaskExecutor.execute(SyncTaskExecutor.java:50)
	at org.springframework.batch.core.launch.support.SimpleJobLauncher.run(SimpleJobLauncher.java:128)
	at sun.reflect.NativeMethodAccessorImpl.invoke0(Native Method)
	at sun.reflect.NativeMethodAccessorImpl.invoke(NativeMethodAccessorImpl.java:62)
	at sun.reflect.DelegatingMethodAccessorImpl.invoke(DelegatingMethodAccessorImpl.java:43)
	at java.lang.reflect.Method.invoke(Method.java:497)
	at org.springframework.aop.support.AopUtils.invokeJoinpointUsingReflection(AopUtils.java:333)
	at org.springframework.aop.framework.ReflectiveMethodInvocation.invokeJoinpoint(ReflectiveMethodInvocation.java:190)
	at org.springframework.aop.framework.ReflectiveMethodInvocation.proceed(ReflectiveMethodInvocation.java:157)
	at org.springframework.batch.core.configuration.annotation.SimpleBatchConfiguration$PassthruAdvice.invoke(SimpleBatchConfiguration.java:127)
	at org.springframework.aop.framework.ReflectiveMethodInvocation.proceed(ReflectiveMethodInvocation.java:179)
	at org.springframework.aop.framework.JdkDynamicAopProxy.invoke(JdkDynamicAopProxy.java:213)
	at com.sun.proxy.$Proxy71.run(Unknown Source)
	at org.springframework.boot.autoconfigure.batch.JobLauncherCommandLineRunner.execute(JobLauncherCommandLineRunner.java:216)
	at org.springframework.boot.autoconfigure.batch.JobLauncherCommandLineRunner.executeLocalJobs(JobLauncherCommandLineRunner.java:233)
	at org.springframework.boot.autoconfigure.batch.JobLauncherCommandLineRunner.launchJobFromProperties(JobLauncherCommandLineRunner.java:125)
	at org.springframework.boot.autoconfigure.batch.JobLauncherCommandLineRunner.run(JobLauncherCommandLineRunner.java:119)
	at org.springframework.boot.SpringApplication.callRunner(SpringApplication.java:798)
	at org.springframework.boot.SpringApplication.callRunners(SpringApplication.java:782)
	at org.springframework.boot.SpringApplication.afterRefresh(SpringApplication.java:769)
	at org.springframework.boot.SpringApplication.run(SpringApplication.java:314)
	at org.springframework.boot.SpringApplication.run(SpringApplication.java:1185)
	at org.springframework.boot.SpringApplication.run(SpringApplication.java:1174)
	at com.eagle.workflow.engine.EagleEngineSpringBootApp.main(EagleEngineSpringBootApp.java:12)
Caused by: java.net.UnknownHostException: smtp.gmail.com
	at java.net.AbstractPlainSocketImpl.connect(AbstractPlainSocketImpl.java:184)
	at java.net.SocksSocketImpl.connect(SocksSocketImpl.java:392)
	at java.net.Socket.connect(Socket.java:589)
	at java.net.Socket.connect(Socket.java:538)
	at com.sun.mail.util.SocketFetcher.createSocket(SocketFetcher.java:301)
	at com.sun.mail.util.SocketFetcher.getSocket(SocketFetcher.java:229)
	at com.sun.mail.smtp.SMTPTransport.openServer(SMTPTransport.java:1950)
	... 35 common frames omitted

2017-05-23 09:56:41.762 ERROR 71471 --- [main] o.s.batch.core.job.AbstractJob           : Exception encountered in afterStep callback

java.util.MissingFormatArgumentException: Format specifier '%s'
	at java.util.Formatter.format(Formatter.java:2519)
	at java.util.Formatter.format(Formatter.java:2455)
	at java.lang.String.format(String.java:2940)
	at com.eagle.boot.config.exception.EagleException.<init>(EagleException.java:16)
	at com.eagle.workflow.engine.service.EmailServiceImpl.send(EmailServiceImpl.java:67)
	at com.eagle.workflow.engine.job.JobCompletionNotificationListener.afterJob(JobCompletionNotificationListener.java:77)
	at org.springframework.batch.core.listener.CompositeJobExecutionListener.afterJob(CompositeJobExecutionListener.java:60)
	at org.springframework.batch.core.job.AbstractJob.execute(AbstractJob.java:352)
	at org.springframework.batch.core.launch.support.SimpleJobLauncher$1.run(SimpleJobLauncher.java:135)
	at org.springframework.core.task.SyncTaskExecutor.execute(SyncTaskExecutor.java:50)
	at org.springframework.batch.core.launch.support.SimpleJobLauncher.run(SimpleJobLauncher.java:128)
	at sun.reflect.NativeMethodAccessorImpl.invoke0(Native Method)
	at sun.reflect.NativeMethodAccessorImpl.invoke(NativeMethodAccessorImpl.java:62)
	at sun.reflect.DelegatingMethodAccessorImpl.invoke(DelegatingMethodAccessorImpl.java:43)
	at java.lang.reflect.Method.invoke(Method.java:497)
	at org.springframework.aop.support.AopUtils.invokeJoinpointUsingReflection(AopUtils.java:333)
	at org.springframework.aop.framework.ReflectiveMethodInvocation.invokeJoinpoint(ReflectiveMethodInvocation.java:190)
	at org.springframework.aop.framework.ReflectiveMethodInvocation.proceed(ReflectiveMethodInvocation.java:157)
	at org.springframework.batch.core.configuration.annotation.SimpleBatchConfiguration$PassthruAdvice.invoke(SimpleBatchConfiguration.java:127)
	at org.springframework.aop.framework.ReflectiveMethodInvocation.proceed(ReflectiveMethodInvocation.java:179)
	at org.springframework.aop.framework.JdkDynamicAopProxy.invoke(JdkDynamicAopProxy.java:213)
	at com.sun.proxy.$Proxy71.run(Unknown Source)
	at org.springframework.boot.autoconfigure.batch.JobLauncherCommandLineRunner.execute(JobLauncherCommandLineRunner.java:216)
	at org.springframework.boot.autoconfigure.batch.JobLauncherCommandLineRunner.executeLocalJobs(JobLauncherCommandLineRunner.java:233)
	at org.springframework.boot.autoconfigure.batch.JobLauncherCommandLineRunner.launchJobFromProperties(JobLauncherCommandLineRunner.java:125)
	at org.springframework.boot.autoconfigure.batch.JobLauncherCommandLineRunner.run(JobLauncherCommandLineRunner.java:119)
	at org.springframework.boot.SpringApplication.callRunner(SpringApplication.java:798)
	at org.springframework.boot.SpringApplication.callRunners(SpringApplication.java:782)
	at org.springframework.boot.SpringApplication.afterRefresh(SpringApplication.java:769)
	at org.springframework.boot.SpringApplication.run(SpringApplication.java:314)
	at org.springframework.boot.SpringApplication.run(SpringApplication.java:1185)
	at org.springframework.boot.SpringApplication.run(SpringApplication.java:1174)
	at com.eagle.workflow.engine.EagleEngineSpringBootApp.main(EagleEngineSpringBootApp.java:12)

2017-05-23 09:56:41.767  INFO 71471 --- [main] o.s.b.c.l.support.SimpleJobLauncher      : Job: [FlowJob: [name=extractDataJob]] completed with the following parameters: [{run.id=1}] and the following status: [COMPLETED]
2017-05-23 09:56:41.769  INFO 71471 --- [main] c.e.w.engine.EagleEngineSpringBootApp    : Started EagleEngineSpringBootApp in 44.838 seconds (JVM running for 45.434)
2017-05-23 09:57:30.957  INFO 71558 --- [main] .e.b.c.EagleSpringApplicationInitializer : EagleSpringApplicationInitializer...
2017-05-23 09:57:30.971  INFO 71558 --- [main] .e.b.c.EagleSpringApplicationInitializer : 

*** Detected the following overrides for the eagle base default properties

eagle.config.api-documentation.allowed-resources : [/swagger**/**,/webjars/**,${springfox.documentation.swagger.v2.path}/**,${eagle.config.api-documentation.ui-redirect-resource}] --> [/swagger**/**,/webjars/**,/internals/docs/data/**,/internals/docs]
eagle.config.api-documentation.ui-redirect-resource : [${eagle.config.internals-resource.name}/docs] --> [/internals/docs]
eagle.config.logging.name : [${spring.application.name}] --> [eagle]
endpoints.enabled : [${eagle.config.internals-resource.enabled}] --> [true]
logging.file : [${eagle.config.logging.directory}/${eagle.config.logging.name}.log] --> [logs/eagle.log]
management.context-path : [${eagle.config.internals-resource.name}] --> [/internals]
spring.jackson.joda-date-time-format : [${spring.jackson.date-format}] --> [yyyy-MM-dd'T'HH:mm:ssZ]
springfox.documentation.swagger.v2.path : [${eagle.config.internals-resource.name}/docs/data] --> [/internals/docs/data]


2017-05-23 09:57:30.980  INFO 71558 --- [main] c.e.w.engine.EagleEngineSpringBootApp    : Starting EagleEngineSpringBootApp on M-SFO1-SFO1197 with PID 71558 (/Users/ppasupuleti/Praveen/Projects/eagle/eagle-workflowengine/bin started by ppasupuleti in /Users/ppasupuleti/Praveen/Projects/eagle/eagle-workflowengine)
2017-05-23 09:57:30.980 DEBUG 71558 --- [main] c.e.w.engine.EagleEngineSpringBootApp    : Running with Spring Boot v1.4.0.RELEASE, Spring v4.3.2.RELEASE
2017-05-23 09:57:30.981  INFO 71558 --- [main] c.e.w.engine.EagleEngineSpringBootApp    : No active profile set, falling back to default profiles: default
2017-05-23 09:57:31.047  INFO 71558 --- [main] ationConfigEmbeddedWebApplicationContext : Refreshing org.springframework.boot.context.embedded.AnnotationConfigEmbeddedWebApplicationContext@3dd69f5a: startup date [Tue May 23 09:57:31 PDT 2017]; root of context hierarchy
2017-05-23 09:57:32.359  INFO 71558 --- [main] o.s.b.f.s.DefaultListableBeanFactory     : Overriding bean definition for bean 'emailServiceImpl' with a different definition: replacing [Generic bean: class [com.eagle.workflow.engine.service.EmailServiceImpl]; scope=singleton; abstract=false; lazyInit=false; autowireMode=0; dependencyCheck=0; autowireCandidate=true; primary=false; factoryBeanName=null; factoryMethodName=null; initMethodName=null; destroyMethodName=null; defined in file [/Users/ppasupuleti/Praveen/Projects/eagle/eagle-workflowengine/bin/com/eagle/workflow/engine/service/EmailServiceImpl.class]] with [Root bean: class [null]; scope=; abstract=false; lazyInit=false; autowireMode=3; dependencyCheck=0; autowireCandidate=true; primary=false; factoryBeanName=eagleWorkFlowEngineConfiguration; factoryMethodName=emailServiceImpl; initMethodName=null; destroyMethodName=(inferred); defined in class path resource [com/eagle/workflow/engine/config/EagleWorkFlowEngineConfiguration.class]]
2017-05-23 09:57:32.361  INFO 71558 --- [main] o.s.b.f.s.DefaultListableBeanFactory     : Overriding bean definition for bean 'extractDataTaskLet' with a different definition: replacing [Generic bean: class [com.eagle.workflow.engine.job.ExtractDataTaskLet]; scope=singleton; abstract=false; lazyInit=false; autowireMode=0; dependencyCheck=0; autowireCandidate=true; primary=false; factoryBeanName=null; factoryMethodName=null; initMethodName=null; destroyMethodName=null; defined in file [/Users/ppasupuleti/Praveen/Projects/eagle/eagle-workflowengine/bin/com/eagle/workflow/engine/job/ExtractDataTaskLet.class]] with [Root bean: class [null]; scope=; abstract=false; lazyInit=false; autowireMode=3; dependencyCheck=0; autowireCandidate=true; primary=false; factoryBeanName=eagleWorkFlowEngineConfiguration; factoryMethodName=extractDataTaskLet; initMethodName=null; destroyMethodName=(inferred); defined in class path resource [com/eagle/workflow/engine/config/EagleWorkFlowEngineConfiguration.class]]
2017-05-23 09:57:32.361  INFO 71558 --- [main] o.s.b.f.s.DefaultListableBeanFactory     : Overriding bean definition for bean 'enrichingDataTaskLet' with a different definition: replacing [Generic bean: class [com.eagle.workflow.engine.job.EnrichingDataTaskLet]; scope=singleton; abstract=false; lazyInit=false; autowireMode=0; dependencyCheck=0; autowireCandidate=true; primary=false; factoryBeanName=null; factoryMethodName=null; initMethodName=null; destroyMethodName=null; defined in file [/Users/ppasupuleti/Praveen/Projects/eagle/eagle-workflowengine/bin/com/eagle/workflow/engine/job/EnrichingDataTaskLet.class]] with [Root bean: class [null]; scope=; abstract=false; lazyInit=false; autowireMode=3; dependencyCheck=0; autowireCandidate=true; primary=false; factoryBeanName=eagleWorkFlowEngineConfiguration; factoryMethodName=enrichingDataTaskLet; initMethodName=null; destroyMethodName=(inferred); defined in class path resource [com/eagle/workflow/engine/config/EagleWorkFlowEngineConfiguration.class]]
2017-05-23 09:57:32.361  INFO 71558 --- [main] o.s.b.f.s.DefaultListableBeanFactory     : Overriding bean definition for bean 'applyModelTaskLet' with a different definition: replacing [Generic bean: class [com.eagle.workflow.engine.job.ApplyModelTaskLet]; scope=singleton; abstract=false; lazyInit=false; autowireMode=0; dependencyCheck=0; autowireCandidate=true; primary=false; factoryBeanName=null; factoryMethodName=null; initMethodName=null; destroyMethodName=null; defined in file [/Users/ppasupuleti/Praveen/Projects/eagle/eagle-workflowengine/bin/com/eagle/workflow/engine/job/ApplyModelTaskLet.class]] with [Root bean: class [null]; scope=; abstract=false; lazyInit=false; autowireMode=3; dependencyCheck=0; autowireCandidate=true; primary=false; factoryBeanName=eagleWorkFlowEngineConfiguration; factoryMethodName=applyModelTaskLet; initMethodName=null; destroyMethodName=(inferred); defined in class path resource [com/eagle/workflow/engine/config/EagleWorkFlowEngineConfiguration.class]]
2017-05-23 09:57:32.362  INFO 71558 --- [main] o.s.b.f.s.DefaultListableBeanFactory     : Overriding bean definition for bean 'positionEngineTaskLet' with a different definition: replacing [Generic bean: class [com.eagle.workflow.engine.job.PositionEngineTaskLet]; scope=singleton; abstract=false; lazyInit=false; autowireMode=0; dependencyCheck=0; autowireCandidate=true; primary=false; factoryBeanName=null; factoryMethodName=null; initMethodName=null; destroyMethodName=null; defined in file [/Users/ppasupuleti/Praveen/Projects/eagle/eagle-workflowengine/bin/com/eagle/workflow/engine/job/PositionEngineTaskLet.class]] with [Root bean: class [null]; scope=; abstract=false; lazyInit=false; autowireMode=3; dependencyCheck=0; autowireCandidate=true; primary=false; factoryBeanName=eagleWorkFlowEngineConfiguration; factoryMethodName=positionEngineTaskLet; initMethodName=null; destroyMethodName=(inferred); defined in class path resource [com/eagle/workflow/engine/config/EagleWorkFlowEngineConfiguration.class]]
2017-05-23 09:57:32.966  WARN 71558 --- [main] o.s.c.a.ConfigurationClassEnhancer       : @Bean method ScopeConfiguration.stepScope is non-static and returns an object assignable to Spring's BeanFactoryPostProcessor interface. This will result in a failure to process annotations such as @Autowired, @Resource and @PostConstruct within the method's declaring @Configuration class. Add the 'static' modifier to this method to avoid these container lifecycle issues; see @Bean javadoc for complete details.
2017-05-23 09:57:32.980  WARN 71558 --- [main] o.s.c.a.ConfigurationClassEnhancer       : @Bean method ScopeConfiguration.jobScope is non-static and returns an object assignable to Spring's BeanFactoryPostProcessor interface. This will result in a failure to process annotations such as @Autowired, @Resource and @PostConstruct within the method's declaring @Configuration class. Add the 'static' modifier to this method to avoid these container lifecycle issues; see @Bean javadoc for complete details.
2017-05-23 09:57:32.999  INFO 71558 --- [main] f.a.AutowiredAnnotationBeanPostProcessor : JSR-330 'javax.inject.Inject' annotation found and supported for autowiring
2017-05-23 09:57:33.051  INFO 71558 --- [main] c.e.b.config.EagleWebMvcConfiguration    : The Eagle WebMVC Configuration has being configured and applied
2017-05-23 09:57:33.051  INFO 71558 --- [main] trationDelegate$BeanPostProcessorChecker : Bean 'eagleWebMvcConfiguration' of type [class com.eagle.boot.config.EagleWebMvcConfiguration$$EnhancerBySpringCGLIB$$17d833c3] is not eligible for getting processed by all BeanPostProcessors (for example: not eligible for auto-proxying)
2017-05-23 09:57:33.191  INFO 71558 --- [main] trationDelegate$BeanPostProcessorChecker : Bean 'org.springframework.transaction.annotation.ProxyTransactionManagementConfiguration' of type [class org.springframework.transaction.annotation.ProxyTransactionManagementConfiguration$$EnhancerBySpringCGLIB$$75bc386b] is not eligible for getting processed by all BeanPostProcessors (for example: not eligible for auto-proxying)
2017-05-23 09:57:33.512  INFO 71558 --- [main] org.eclipse.jetty.util.log               : Logging initialized @3789ms
2017-05-23 09:57:33.591  INFO 71558 --- [main] e.j.JettyEmbeddedServletContainerFactory : Server initialized with port: 8098
2017-05-23 09:57:33.593  INFO 71558 --- [main] org.eclipse.jetty.server.Server          : jetty-9.3.11.v20160721
2017-05-23 09:57:33.705  INFO 71558 --- [main] application                              : Initializing Spring embedded WebApplicationContext
2017-05-23 09:57:33.705  INFO 71558 --- [main] o.s.web.context.ContextLoader            : Root WebApplicationContext: initialization completed in 2659 ms
2017-05-23 09:57:33.997  INFO 71558 --- [main] c.e.boot.config.EagleBaseConfiguration   : Eagle base configuration has being configured and applied
2017-05-23 09:57:34.007  INFO 71558 --- [main] o.s.b.w.servlet.ServletRegistrationBean  : Mapping servlet: 'dispatcherServlet' to [/]
2017-05-23 09:57:34.010  INFO 71558 --- [main] o.s.b.w.servlet.FilterRegistrationBean   : Mapping filter: 'metricFilter' to: [/*]
2017-05-23 09:57:34.010  INFO 71558 --- [main] o.s.b.w.servlet.FilterRegistrationBean   : Mapping filter: 'characterEncodingFilter' to: [/*]
2017-05-23 09:57:34.010  INFO 71558 --- [main] o.s.b.w.servlet.FilterRegistrationBean   : Mapping filter: 'hiddenHttpMethodFilter' to: [/*]
2017-05-23 09:57:34.010  INFO 71558 --- [main] o.s.b.w.servlet.FilterRegistrationBean   : Mapping filter: 'httpPutFormContentFilter' to: [/*]
2017-05-23 09:57:34.010  INFO 71558 --- [main] o.s.b.w.servlet.FilterRegistrationBean   : Mapping filter: 'webRequestLoggingFilter' to: [/*]
2017-05-23 09:57:34.174  INFO 71558 --- [main] o.e.jetty.server.handler.ContextHandler  : Started o.s.b.c.e.j.JettyEmbeddedWebAppContext@f95d64d{/eagle,file:///private/var/folders/9c/04bs7srs7hj5kym35d2853b8mh0grj/T/jetty-docbase.1981189230333783485.8098/,AVAILABLE}
2017-05-23 09:57:34.189  INFO 71558 --- [main] org.eclipse.jetty.server.Server          : Started @4467ms
2017-05-23 09:57:34.340  INFO 71558 --- [main] c.e.w.e.t.d.p.EagleTWSConnectionProvider : in EagleTWSConnectionProvider
2017-05-23 09:57:34.550  INFO 71558 --- [main] e.w.e.c.EagleWorkFlowEngineConfiguration : EagleWorkFlowEngineConfiguration done...
2017-05-23 09:57:34.791 DEBUG 71558 --- [main] c.e.workflow.engine.tws.api.EagleAPI     : ApiController Initialized. Trying to connect TWS..
2017-05-23 09:57:34.947  INFO 71558 --- [main] c.e.b.c.EagleDocumentationConfiguration  : The Eagle Documentation Configuration has being configured and applied
2017-05-23 09:57:35.019  INFO 71558 --- [main] c.e.b.c.p.EagleAccessLoggingProperties   : The access log configuration is setup as follows: EagleAccessLogProperties{timezone='America/Los_Angeles', retentionDays=30, postfix='-access-yyyy_mm_dd.log', logName='logs/eagle-access-yyyy_mm_dd.log', extendedInfoEnabled=false, enabled=true, dateTimeFormat='yyyy-MM-dd HH:mm:ss:SSS Z', appendEnabled=true}
2017-05-23 09:57:35.759  INFO 71558 --- [main] s.w.s.m.m.a.RequestMappingHandlerMapping : Mapped "{[/internals/docs/data],methods=[GET],produces=[application/json || application/hal+json]}" onto public org.springframework.http.ResponseEntity<springfox.documentation.spring.web.json.Json> springfox.documentation.swagger2.web.Swagger2Controller.getDocumentation(java.lang.String,javax.servlet.http.HttpServletRequest)
2017-05-23 09:57:35.764  INFO 71558 --- [main] s.w.s.m.m.a.RequestMappingHandlerMapping : Mapped "{[/swagger-resources/configuration/security]}" onto org.springframework.http.ResponseEntity<springfox.documentation.swagger.web.SecurityConfiguration> springfox.documentation.swagger.web.ApiResourceController.securityConfiguration()
2017-05-23 09:57:35.765  INFO 71558 --- [main] s.w.s.m.m.a.RequestMappingHandlerMapping : Mapped "{[/swagger-resources/configuration/ui]}" onto org.springframework.http.ResponseEntity<springfox.documentation.swagger.web.UiConfiguration> springfox.documentation.swagger.web.ApiResourceController.uiConfiguration()
2017-05-23 09:57:35.766  INFO 71558 --- [main] s.w.s.m.m.a.RequestMappingHandlerMapping : Mapped "{[/swagger-resources]}" onto org.springframework.http.ResponseEntity<java.util.List<springfox.documentation.swagger.web.SwaggerResource>> springfox.documentation.swagger.web.ApiResourceController.swaggerResources()
2017-05-23 09:57:35.770  INFO 71558 --- [main] s.w.s.m.m.a.RequestMappingHandlerMapping : Mapped "{[/error]}" onto public org.springframework.http.ResponseEntity<java.util.Map<java.lang.String, java.lang.Object>> org.springframework.boot.autoconfigure.web.BasicErrorController.error(javax.servlet.http.HttpServletRequest)
2017-05-23 09:57:35.770  INFO 71558 --- [main] s.w.s.m.m.a.RequestMappingHandlerMapping : Mapped "{[/error],produces=[text/html]}" onto public org.springframework.web.servlet.ModelAndView org.springframework.boot.autoconfigure.web.BasicErrorController.errorHtml(javax.servlet.http.HttpServletRequest,javax.servlet.http.HttpServletResponse)
2017-05-23 09:57:36.099  INFO 71558 --- [main] o.s.b.a.e.mvc.EndpointHandlerMapping     : Mapped "{[/internals/autoconfig || /internals/autoconfig.json],methods=[GET],produces=[application/json]}" onto public java.lang.Object org.springframework.boot.actuate.endpoint.mvc.EndpointMvcAdapter.invoke()
2017-05-23 09:57:36.100  INFO 71558 --- [main] o.s.b.a.e.mvc.EndpointHandlerMapping     : Mapped "{[/internals/trace || /internals/trace.json],methods=[GET],produces=[application/json]}" onto public java.lang.Object org.springframework.boot.actuate.endpoint.mvc.EndpointMvcAdapter.invoke()
2017-05-23 09:57:36.101  INFO 71558 --- [main] o.s.b.a.e.mvc.EndpointHandlerMapping     : Mapped "{[/internals/health || /internals/health.json],produces=[application/json]}" onto public java.lang.Object org.springframework.boot.actuate.endpoint.mvc.HealthMvcEndpoint.invoke(java.security.Principal)
2017-05-23 09:57:36.102  INFO 71558 --- [main] o.s.b.a.e.mvc.EndpointHandlerMapping     : Mapped "{[/internals/dump || /internals/dump.json],methods=[GET],produces=[application/json]}" onto public java.lang.Object org.springframework.boot.actuate.endpoint.mvc.EndpointMvcAdapter.invoke()
2017-05-23 09:57:36.102  INFO 71558 --- [main] o.s.b.a.e.mvc.EndpointHandlerMapping     : Mapped "{[/internals/metrics/{name:.*}],methods=[GET],produces=[application/json]}" onto public java.lang.Object org.springframework.boot.actuate.endpoint.mvc.MetricsMvcEndpoint.value(java.lang.String)
2017-05-23 09:57:36.103  INFO 71558 --- [main] o.s.b.a.e.mvc.EndpointHandlerMapping     : Mapped "{[/internals/metrics || /internals/metrics.json],methods=[GET],produces=[application/json]}" onto public java.lang.Object org.springframework.boot.actuate.endpoint.mvc.EndpointMvcAdapter.invoke()
2017-05-23 09:57:36.105  INFO 71558 --- [main] o.s.b.a.e.mvc.EndpointHandlerMapping     : Mapped "{[/internals/configprops || /internals/configprops.json],methods=[GET],produces=[application/json]}" onto public java.lang.Object org.springframework.boot.actuate.endpoint.mvc.EndpointMvcAdapter.invoke()
2017-05-23 09:57:36.106  INFO 71558 --- [main] o.s.b.a.e.mvc.EndpointHandlerMapping     : Mapped "{[/internals/heapdump || /internals/heapdump.json],methods=[GET],produces=[application/octet-stream]}" onto public void org.springframework.boot.actuate.endpoint.mvc.HeapdumpMvcEndpoint.invoke(boolean,javax.servlet.http.HttpServletRequest,javax.servlet.http.HttpServletResponse) throws java.io.IOException,javax.servlet.ServletException
2017-05-23 09:57:36.107  INFO 71558 --- [main] o.s.b.a.e.mvc.EndpointHandlerMapping     : Mapped "{[/internals/mappings || /internals/mappings.json],methods=[GET],produces=[application/json]}" onto public java.lang.Object org.springframework.boot.actuate.endpoint.mvc.EndpointMvcAdapter.invoke()
2017-05-23 09:57:36.108  INFO 71558 --- [main] o.s.b.a.e.mvc.EndpointHandlerMapping     : Mapped "{[/internals/info || /internals/info.json],methods=[GET],produces=[application/json]}" onto public java.lang.Object org.springframework.boot.actuate.endpoint.mvc.EndpointMvcAdapter.invoke()
2017-05-23 09:57:36.109  INFO 71558 --- [main] o.s.b.a.e.mvc.EndpointHandlerMapping     : Mapped "{[/internals/logfile || /internals/logfile.json],methods=[GET || HEAD]}" onto public void org.springframework.boot.actuate.endpoint.mvc.LogFileMvcEndpoint.invoke(javax.servlet.http.HttpServletRequest,javax.servlet.http.HttpServletResponse) throws javax.servlet.ServletException,java.io.IOException
2017-05-23 09:57:36.112  INFO 71558 --- [main] o.s.b.a.e.mvc.EndpointHandlerMapping     : Mapped "{[/internals/env/{name:.*}],methods=[GET],produces=[application/json]}" onto public java.lang.Object org.springframework.boot.actuate.endpoint.mvc.EnvironmentMvcEndpoint.value(java.lang.String)
2017-05-23 09:57:36.112  INFO 71558 --- [main] o.s.b.a.e.mvc.EndpointHandlerMapping     : Mapped "{[/internals/env || /internals/env.json],methods=[GET],produces=[application/json]}" onto public java.lang.Object org.springframework.boot.actuate.endpoint.mvc.EndpointMvcAdapter.invoke()
2017-05-23 09:57:36.113  INFO 71558 --- [main] o.s.b.a.e.mvc.EndpointHandlerMapping     : Mapped "{[/internals/beans || /internals/beans.json],methods=[GET],produces=[application/json]}" onto public java.lang.Object org.springframework.boot.actuate.endpoint.mvc.EndpointMvcAdapter.invoke()
2017-05-23 09:57:36.449  INFO 71558 --- [main] s.w.s.m.m.a.RequestMappingHandlerAdapter : Looking for @ControllerAdvice: org.springframework.boot.context.embedded.AnnotationConfigEmbeddedWebApplicationContext@3dd69f5a: startup date [Tue May 23 09:57:31 PDT 2017]; root of context hierarchy
2017-05-23 09:57:36.514  INFO 71558 --- [main] o.s.w.s.handler.SimpleUrlHandlerMapping  : Mapped URL path [/internals/docs] onto handler of type [class org.springframework.web.servlet.mvc.ParameterizableViewController]
2017-05-23 09:57:36.531  INFO 71558 --- [main] o.s.w.s.handler.SimpleUrlHandlerMapping  : Mapped URL path [/resources/**] onto handler of type [class org.springframework.web.servlet.resource.ResourceHttpRequestHandler]
2017-05-23 09:57:36.531  INFO 71558 --- [main] o.s.w.s.handler.SimpleUrlHandlerMapping  : Mapped URL path [/swagger-ui.html] onto handler of type [class org.springframework.web.servlet.resource.ResourceHttpRequestHandler]
2017-05-23 09:57:36.531  INFO 71558 --- [main] o.s.w.s.handler.SimpleUrlHandlerMapping  : Mapped URL path [/webjars/**] onto handler of type [class org.springframework.web.servlet.resource.ResourceHttpRequestHandler]
2017-05-23 09:57:36.532  INFO 71558 --- [main] o.s.w.s.handler.SimpleUrlHandlerMapping  : Mapped URL path [/**] onto handler of type [class org.springframework.web.servlet.resource.ResourceHttpRequestHandler]
2017-05-23 09:57:36.559  INFO 71558 --- [main] .m.m.a.ExceptionHandlerExceptionResolver : Detected @ExceptionHandler methods in eagleExceptionHandler
2017-05-23 09:57:36.585  INFO 71558 --- [main] o.s.w.s.handler.SimpleUrlHandlerMapping  : Mapped URL path [/**/favicon.ico] onto handler of type [class org.springframework.web.servlet.resource.ResourceHttpRequestHandler]
2017-05-23 09:57:37.173  INFO 71558 --- [main] o.s.jdbc.datasource.init.ScriptUtils     : Executing SQL script from class path resource [org/springframework/batch/core/schema-hsqldb.sql]
2017-05-23 09:57:37.184  INFO 71558 --- [main] o.s.jdbc.datasource.init.ScriptUtils     : Executed SQL script from class path resource [org/springframework/batch/core/schema-hsqldb.sql] in 11 ms.
2017-05-23 09:57:37.585  INFO 71558 --- [main] o.s.j.e.a.AnnotationMBeanExporter        : Registering beans for JMX exposure on startup
2017-05-23 09:57:37.597  INFO 71558 --- [main] o.s.c.support.DefaultLifecycleProcessor  : Starting beans in phase 0
2017-05-23 09:57:37.666  INFO 71558 --- [main] o.s.c.support.DefaultLifecycleProcessor  : Starting beans in phase 2147483647
2017-05-23 09:57:37.667  INFO 71558 --- [main] d.s.w.p.DocumentationPluginsBootstrapper : Context refreshed
2017-05-23 09:57:37.689  INFO 71558 --- [main] d.s.w.p.DocumentationPluginsBootstrapper : Found 1 custom documentation plugin(s)
2017-05-23 09:57:37.698  INFO 71558 --- [main] s.d.s.w.s.ApiListingReferenceScanner     : Scanning for api listing references
2017-05-23 09:57:37.741  INFO 71558 --- [main] application                              : Initializing Spring FrameworkServlet 'dispatcherServlet'
2017-05-23 09:57:37.741  INFO 71558 --- [main] o.s.web.servlet.DispatcherServlet        : FrameworkServlet 'dispatcherServlet': initialization started
2017-05-23 09:57:37.762  INFO 71558 --- [main] o.s.web.servlet.DispatcherServlet        : FrameworkServlet 'dispatcherServlet': initialization completed in 21 ms
2017-05-23 09:57:37.792  INFO 71558 --- [main] o.e.jetty.server.AbstractConnector       : Started ServerConnector@a6a2c20{HTTP/1.1,[http/1.1]}{0.0.0.0:8098}
2017-05-23 09:57:37.795  INFO 71558 --- [main] .s.b.c.e.j.JettyEmbeddedServletContainer : Jetty started on port(s) 8098 (http/1.1)
2017-05-23 09:57:37.805  INFO 71558 --- [main] o.s.b.a.b.JobLauncherCommandLineRunner   : Running default command line with: []
2017-05-23 09:57:37.817  INFO 71558 --- [main] o.s.b.c.r.s.JobRepositoryFactoryBean     : No database type set, using meta data indicating: HSQL
2017-05-23 09:57:37.938  INFO 71558 --- [main] o.s.b.c.l.support.SimpleJobLauncher      : No TaskExecutor has been set, defaulting to synchronous executor.
2017-05-23 09:57:38.006  INFO 71558 --- [main] o.s.b.c.l.support.SimpleJobLauncher      : Job: [FlowJob: [name=extractDataJob]] launched with the following parameters: [{run.id=1}]
2017-05-23 09:57:38.013 DEBUG 71558 --- [main] .w.e.j.JobCompletionNotificationListener : extractDataJobStarted..
2017-05-23 09:57:38.023  INFO 71558 --- [main] o.s.batch.core.job.SimpleStepHandler     : Executing step: [applyModel]
2017-05-23 09:57:38.034 DEBUG 71558 --- [main] c.e.w.engine.job.ApplyModelTaskLet       : *** Apply Model Data Step in progress... ***
2017-05-23 09:57:38.035  INFO 71558 --- [main] c.e.w.engine.job.ApplyModelTaskLet       : Apply Model Command:/Users/ppasupuleti/anaconda/bin/python //Users/ppasupuleti/Praveen/Projects/Anil/eagle_home/tools/applyModel/Code/clientModelApply.py --input=//Users/ppasupuleti/Praveen/Projects/Anil/eagle_home/enrichData/ES_enrichData.csv --picklefile=//Users/ppasupuleti/Praveen/Projects/Anil/eagle_home/model/pkl/ES_predictive.pkl --output=//Users/ppasupuleti/Praveen/Projects/Anil/eagle_home/model/output/ES_predictions.csv
2017-05-23 09:57:38.036  INFO 71558 --- [main] c.e.w.engine.utils.EagleProcessExecutor  : Process Command:/Users/ppasupuleti/anaconda/bin/python //Users/ppasupuleti/Praveen/Projects/Anil/eagle_home/tools/applyModel/Code/clientModelApply.py --input=//Users/ppasupuleti/Praveen/Projects/Anil/eagle_home/enrichData/ES_enrichData.csv --picklefile=//Users/ppasupuleti/Praveen/Projects/Anil/eagle_home/model/pkl/ES_predictive.pkl --output=//Users/ppasupuleti/Praveen/Projects/Anil/eagle_home/model/output/ES_predictions.csv
2017-05-23 09:57:39.796  INFO 71558 --- [main] c.e.w.engine.job.ApplyModelTaskLet       : Apply Model process command executed succesfully.
2017-05-23 09:57:39.797 DEBUG 71558 --- [main] c.e.w.engine.job.ApplyModelTaskLet       : *** Apply Model Data Step completed ***
2017-05-23 09:57:39.805 DEBUG 71558 --- [main] .w.e.j.JobCompletionNotificationListener : Email Subject: Job: extractDataJob, job execution id: 0, job id: 0, succesfully completed status: Tue May 23 09:57:38 PDT 2017
2017-05-23 09:57:39.806 DEBUG 71558 --- [main] .w.e.j.JobCompletionNotificationListener : Email Content: Job: extractDataJob, job execution id: 0, job id: 0, succesfully completed status: Tue May 23 09:57:38 PDT 2017
2017-05-23 09:57:39.806 DEBUG 71558 --- [main] .w.e.j.JobCompletionNotificationListener : Sending email...
